Library/Bee/Android/Prj/Mono2x/Gradle/launcher/build/intermediates/manifest_merge_blame_file/release/manifest-merger-blame-release-report.txt
1<?xml version="1.0" encoding="utf-8"?>
2<manifest xmlns:android="http://schemas.android.com/apk/res/android"
3    package="com.NineDev.ToDef"
4    android:installLocation="preferExternal"
5    android:versionCode="1"
6    android:versionName="1.0" >
7
8    <uses-sdk
9        android:minSdkVersion="22"
9-->src/main/AndroidManifest.xml
10        android:targetSdkVersion="30" />
10-->src/main/AndroidManifest.xml
11
12    <supports-screens
12-->src/main/AndroidManifest.xml:3:3-163
13        android:anyDensity="true"
13-->src/main/AndroidManifest.xml:3:135-160
14        android:largeScreens="true"
14-->src/main/AndroidManifest.xml:3:78-105
15        android:normalScreens="true"
15-->src/main/AndroidManifest.xml:3:49-77
16        android:smallScreens="true"
16-->src/main/AndroidManifest.xml:3:21-48
17        android:xlargeScreens="true" />
17-->src/main/AndroidManifest.xml:3:106-134
18
19    <uses-feature android:glEsVersion="0x00020000" />
19-->[:unityLibrary] AndroidManifest.xml:12:5-54
19-->[:unityLibrary] AndroidManifest.xml:12:19-51
20
21    <uses-permission android:name="android.permission.INTERNET" />
21-->[:unityLibrary] AndroidManifest.xml:14:5-67
21-->[:unityLibrary] AndroidManifest.xml:14:22-64
22    <uses-permission android:name="android.permission.ACCESS_NETWORK_STATE" />
22-->[:unityLibrary] AndroidManifest.xml:15:5-79
22-->[:unityLibrary] AndroidManifest.xml:15:22-76
23
24    <uses-feature
24-->[:unityLibrary] AndroidManifest.xml:17:5-19:36
25        android:name="android.hardware.touchscreen"
25-->[:unityLibrary] AndroidManifest.xml:18:9-52
26        android:required="false" />
26-->[:unityLibrary] AndroidManifest.xml:19:9-33
27    <uses-feature
27-->[:unityLibrary] AndroidManifest.xml:20:5-22:36
28        android:name="android.hardware.touchscreen.multitouch"
28-->[:unityLibrary] AndroidManifest.xml:21:9-63
29        android:required="false" />
29-->[:unityLibrary] AndroidManifest.xml:22:9-33
30    <uses-feature
30-->[:unityLibrary] AndroidManifest.xml:23:5-25:36
31        android:name="android.hardware.touchscreen.multitouch.distinct"
31-->[:unityLibrary] AndroidManifest.xml:24:9-72
32        android:required="false" />
32-->[:unityLibrary] AndroidManifest.xml:25:9-33
33
34    <application
34-->src/main/AndroidManifest.xml:4:3-121
35        android:banner="@drawable/app_banner"
35-->src/main/AndroidManifest.xml:4:81-118
36        android:extractNativeLibs="true"
36-->[:unityLibrary] AndroidManifest.xml:28:9-41
37        android:icon="@mipmap/app_icon"
37-->src/main/AndroidManifest.xml:4:49-80
38        android:isGame="true"
38-->[:unityLibrary] AndroidManifest.xml:29:9-30
39        android:label="@string/app_name" >
39-->src/main/AndroidManifest.xml:4:16-48
40        <activity
40-->[:unityLibrary] AndroidManifest.xml:30:9-57:20
41            android:name="com.unity3d.player.UnityPlayerActivity"
41-->[:unityLibrary] AndroidManifest.xml:31:13-66
42            android:configChanges="mcc|mnc|locale|touchscreen|keyboard|keyboardHidden|navigation|orientation|screenLayout|uiMode|screenSize|smallestScreenSize|fontScale|layoutDirection|density"
42-->[:unityLibrary] AndroidManifest.xml:32:13-194
43            android:hardwareAccelerated="false"
43-->[:unityLibrary] AndroidManifest.xml:33:13-48
44            android:launchMode="singleTask"
44-->[:unityLibrary] AndroidManifest.xml:34:13-44
45            android:resizeableActivity="true"
45-->[:unityLibrary] AndroidManifest.xml:35:13-46
46            android:screenOrientation="reverseLandscape"
46-->[:unityLibrary] AndroidManifest.xml:36:13-57
47            android:theme="@style/UnityThemeSelector" >
47-->[:unityLibrary] AndroidManifest.xml:37:13-54
48            <intent-filter>
48-->[:unityLibrary] AndroidManifest.xml:38:13-43:29
49                <action android:name="android.intent.action.MAIN" />
49-->[:unityLibrary] AndroidManifest.xml:39:17-69
49-->[:unityLibrary] AndroidManifest.xml:39:25-66
50
51                <category android:name="android.intent.category.LAUNCHER" />
51-->[:unityLibrary] AndroidManifest.xml:41:17-77
51-->[:unityLibrary] AndroidManifest.xml:41:27-74
52                <category android:name="android.intent.category.LEANBACK_LAUNCHER" />
52-->[:unityLibrary] AndroidManifest.xml:42:17-86
52-->[:unityLibrary] AndroidManifest.xml:42:27-83
53            </intent-filter>
54
55            <meta-data
55-->[:unityLibrary] AndroidManifest.xml:45:13-47:40
56                android:name="unityplayer.UnityActivity"
56-->[:unityLibrary] AndroidManifest.xml:46:17-57
57                android:value="true" />
57-->[:unityLibrary] AndroidManifest.xml:47:17-37
58            <meta-data
58-->[:unityLibrary] AndroidManifest.xml:48:13-50:71
59                android:name="WindowManagerPreference:FreeformWindowSize"
59-->[:unityLibrary] AndroidManifest.xml:49:17-74
60                android:value="@string/FreeformWindowSize_maximize" />
60-->[:unityLibrary] AndroidManifest.xml:50:17-68
61            <meta-data
61-->[:unityLibrary] AndroidManifest.xml:51:13-53:79
62                android:name="WindowManagerPreference:FreeformWindowOrientation"
62-->[:unityLibrary] AndroidManifest.xml:52:17-81
63                android:value="@string/FreeformWindowOrientation_landscape" />
63-->[:unityLibrary] AndroidManifest.xml:53:17-76
64            <meta-data
64-->[:unityLibrary] AndroidManifest.xml:54:13-56:40
65                android:name="android.notch_support"
65-->[:unityLibrary] AndroidManifest.xml:55:17-53
66                android:value="true" />
66-->[:unityLibrary] AndroidManifest.xml:56:17-37
67        </activity>
68
69        <meta-data
69-->[:unityLibrary] AndroidManifest.xml:59:9-61:33
70            android:name="unity.splash-mode"
70-->[:unityLibrary] AndroidManifest.xml:60:13-45
71            android:value="0" />
71-->[:unityLibrary] AndroidManifest.xml:61:13-30
72        <meta-data
72-->[:unityLibrary] AndroidManifest.xml:62:9-64:36
73            android:name="unity.splash-enable"
73-->[:unityLibrary] AndroidManifest.xml:63:13-47
74            android:value="True" />
74-->[:unityLibrary] AndroidManifest.xml:64:13-33
75        <meta-data
75-->[:unityLibrary] AndroidManifest.xml:65:9-67:36
76            android:name="unity.launch-fullscreen"
76-->[:unityLibrary] AndroidManifest.xml:66:13-51
77            android:value="True" />
77-->[:unityLibrary] AndroidManifest.xml:67:13-33
78        <meta-data
78-->[:unityLibrary] AndroidManifest.xml:68:9-70:36
79            android:name="unity.allow-resizable-window"
79-->[:unityLibrary] AndroidManifest.xml:69:13-56
80            android:value="True" />
80-->[:unityLibrary] AndroidManifest.xml:70:13-33
81        <meta-data
81-->[:unityLibrary] AndroidManifest.xml:71:9-73:50
82            android:name="notch.config"
82-->[:unityLibrary] AndroidManifest.xml:72:13-40
83            android:value="portrait|landscape" />
83-->[:unityLibrary] AndroidManifest.xml:73:13-47
84    </application>
85
86</manifest>